<?xml version="1.0" encoding="UTF-8"?>
<testng-results ignored="0" total="1" passed="1" failed="0" skipped="0">
  <reporter-output>
  </reporter-output>
  <suite started-at="2022-07-29T15:10:04 IST" name="Default suite" finished-at="2022-07-29T15:10:23 IST" duration-ms="19449">
    <groups>
    </groups>
    <test started-at="2022-07-29T15:10:04 IST" name="Default test" finished-at="2022-07-29T15:10:23 IST" duration-ms="19449">
      <class name="com.techpanda.testcases.TC_CartQuantityExceedVerify_003">
        <test-method is-config="true" signature="setup()[pri:0, instance:com.techpanda.testcases.TC_CartQuantityExceedVerify_003@6e171cd7]" started-at="2022-07-29T15:10:04 IST" name="setup" finished-at="2022-07-29T15:10:10 IST" duration-ms="6375" status="PASS">
          <reporter-output>
          </reporter-output>
        </test-method> <!-- setup -->
        <test-method signature="verifyCartQuantity()[pri:0, instance:com.techpanda.testcases.TC_CartQuantityExceedVerify_003@6e171cd7]" started-at="2022-07-29T15:10:10 IST" name="verifyCartQuantity" finished-at="2022-07-29T15:10:23 IST" duration-ms="13039" status="PASS">
          <reporter-output>
          </reporter-output>
        </test-method> <!-- verifyCartQuantity -->
      </class> <!-- com.techpanda.testcases.TC_CartQuantityExceedVerify_003 -->
    </test> <!-- Default test -->
  </suite> <!-- Default suite -->
</testng-results>
